Tue Mar 20 2018 12:28:41 GMT-0400 (Eastern Daylight Time): GET /
Tue Mar 20 2018 12:28:49 GMT-0400 (Eastern Daylight Time): GET /about
Tue Mar 20 2018 12:28:50 GMT-0400 (Eastern Daylight Time): GET /
Tue Mar 20 2018 12:28:50 GMT-0400 (Eastern Daylight Time): GET /about
Tue Mar 20 2018 12:32:01 GMT-0400 (Eastern Daylight Time): GET /maintenance
Tue Mar 20 2018 12:33:33 GMT-0400 (Eastern Daylight Time): GET /maintenance
Tue Mar 20 2018 12:33:56 GMT-0400 (Eastern Daylight Time): GET /maintenance
Tue Mar 20 2018 12:34:05 GMT-0400 (Eastern Daylight Time): GET /bad
Tue Mar 20 2018 12:34:11 GMT-0400 (Eastern Daylight Time): GET /about
Tue Mar 20 2018 12:34:21 GMT-0400 (Eastern Daylight Time): GET /about
Tue Mar 20 2018 12:34:27 GMT-0400 (Eastern Daylight Time): GET /maintenance
Tue Mar 20 2018 12:34:38 GMT-0400 (Eastern Daylight Time): GET /maintenance
Tue Mar 20 2018 12:35:05 GMT-0400 (Eastern Daylight Time): GET /maintenance
Tue Mar 20 2018 12:35:10 GMT-0400 (Eastern Daylight Time): GET /maintenance
Tue Mar 20 2018 12:35:19 GMT-0400 (Eastern Daylight Time): GET /maintenance
Tue Mar 20 2018 12:35:26 GMT-0400 (Eastern Daylight Time): GET /maintenance
Tue Mar 20 2018 12:41:10 GMT-0400 (Eastern Daylight Time): GET /maintenance
Tue Mar 20 2018 12:41:15 GMT-0400 (Eastern Daylight Time): GET /
Tue Mar 20 2018 12:41:19 GMT-0400 (Eastern Daylight Time): GET /
Tue Mar 20 2018 12:41:28 GMT-0400 (Eastern Daylight Time): GET /
Tue Mar 20 2018 12:41:31 GMT-0400 (Eastern Daylight Time): GET /
Tue Mar 20 2018 12:41:33 GMT-0400 (Eastern Daylight Time): GET /
Tue Mar 20 2018 12:41:34 GMT-0400 (Eastern Daylight Time): GET /about
Tue Mar 20 2018 12:41:36 GMT-0400 (Eastern Daylight Time): GET /
Tue Mar 20 2018 12:41:37 GMT-0400 (Eastern Daylight Time): GET /about
Tue Mar 20 2018 12:41:55 GMT-0400 (Eastern Daylight Time): GET /
Tue Mar 20 2018 12:41:56 GMT-0400 (Eastern Daylight Time): GET /about
Tue Mar 20 2018 12:41:58 GMT-0400 (Eastern Daylight Time): GET /
Tue Mar 20 2018 12:41:59 GMT-0400 (Eastern Daylight Time): GET /about
Tue Mar 20 2018 12:42:00 GMT-0400 (Eastern Daylight Time): GET /
Tue Mar 20 2018 12:42:00 GMT-0400 (Eastern Daylight Time): GET /about
Tue Mar 20 2018 12:42:28 GMT-0400 (Eastern Daylight Time): GET /maintenance
Tue Mar 20 2018 12:42:30 GMT-0400 (Eastern Daylight Time): GET /fds
Tue Mar 20 2018 12:42:32 GMT-0400 (Eastern Daylight Time): GET /
Tue Mar 20 2018 12:42:52 GMT-0400 (Eastern Daylight Time): GET /
Tue Mar 20 2018 12:43:00 GMT-0400 (Eastern Daylight Time): GET /
Tue Mar 20 2018 12:45:09 GMT-0400 (Eastern Daylight Time): GET /
Tue Mar 20 2018 12:45:38 GMT-0400 (Eastern Daylight Time): GET /
Tue Mar 20 2018 12:45:59 GMT-0400 (Eastern Daylight Time): GET /
Tue Mar 20 2018 12:46:07 GMT-0400 (Eastern Daylight Time): GET /
Tue Mar 20 2018 12:46:09 GMT-0400 (Eastern Daylight Time): GET /
Tue Mar 20 2018 12:46:17 GMT-0400 (Eastern Daylight Time): GET /
Tue Mar 20 2018 12:47:36 GMT-0400 (Eastern Daylight Time): GET /help.html
Tue Mar 20 2018 12:48:06 GMT-0400 (Eastern Daylight Time): GET /help.html
Tue Mar 20 2018 12:48:09 GMT-0400 (Eastern Daylight Time): GET /
Tue Mar 20 2018 13:28:43 GMT-0400 (Eastern Daylight Time): GET /
Tue Mar 20 2018 13:28:47 GMT-0400 (Eastern Daylight Time): GET /projects
Tue Mar 20 2018 13:29:13 GMT-0400 (Eastern Daylight Time): GET /projects
Tue Mar 20 2018 13:29:14 GMT-0400 (Eastern Daylight Time): GET /
Tue Mar 20 2018 13:29:15 GMT-0400 (Eastern Daylight Time): GET /about
Tue Mar 20 2018 13:29:25 GMT-0400 (Eastern Daylight Time): GET /
Tue Mar 20 2018 13:29:26 GMT-0400 (Eastern Daylight Time): GET /projects
Tue Mar 20 2018 13:29:27 GMT-0400 (Eastern Daylight Time): GET /about
Tue Mar 20 2018 13:29:27 GMT-0400 (Eastern Daylight Time): GET /
